app/android/app/build/intermediates/manifest_merge_blame_file/debug/manifest-merger-blame-debug-report.txt
1<?xml version="1.0" encoding="utf-8"?>
2<manifest xmlns:android="http://schemas.android.com/apk/res/android"
3    package="com.lepiant"
4    android:versionCode="1"
5    android:versionName="1.0" >
6
7    <uses-sdk
8        android:minSdkVersion="21"
9        android:targetSdkVersion="33" />
10
11    <uses-permission android:name="android.permission.SYSTEM_ALERT_WINDOW" />
11-->src/debug/AndroidManifest.xml:5:5-77
11-->src/debug/AndroidManifest.xml:5:22-75
12    <uses-permission android:name="android.permission.INTERNET" />
12-->src/main/AndroidManifest.xml:3:5-67
12-->src/main/AndroidManifest.xml:3:22-64
13    <uses-permission android:name="android.permission.WRITE_EXTERNAL_STORAGE" />
13-->src/main/AndroidManifest.xml:4:5-81
13-->src/main/AndroidManifest.xml:4:22-78
14    <uses-permission android:name="android.permission.ACCESS_WIFI_STATE" />
14-->[com.facebook.flipper:flipper:0.182.0] AndroidManifest.xml:16:5-76
14-->[com.facebook.flipper:flipper:0.182.0] AndroidManifest.xml:16:22-73
15    <uses-permission android:name="android.permission.ACCESS_NETWORK_STATE" />
15-->[:react-native-file-access] AndroidManifest.xml:7:5-79
15-->[:react-native-file-access] AndroidManifest.xml:7:22-76
16    <uses-permission android:name="android.permission.VIBRATE" />
16-->[:react-native-haptic-feedback] AndroidManifest.xml:7:5-66
16-->[:react-native-haptic-feedback] AndroidManifest.xml:7:22-63
17    <uses-permission android:name="android.permission.WAKE_LOCK" />
17-->[:react-native-track-player] AndroidManifest.xml:7:5-68
17-->[:react-native-track-player] AndroidManifest.xml:7:22-65
18    <uses-permission android:name="android.permission.FOREGROUND_SERVICE" />
18-->[:react-native-track-player] AndroidManifest.xml:8:5-77
18-->[:react-native-track-player] AndroidManifest.xml:8:22-74
19    <uses-permission android:name="android.permission.FOREGROUND_SERVICE_MEDIA_PLAYBACK" />
19-->[:react-native-track-player] AndroidManifest.xml:9:5-92
19-->[:react-native-track-player] AndroidManifest.xml:9:22-89
20
21    <permission
21-->[androidx.core:core:1.9.0] AndroidManifest.xml:22:5-24:47
22        android:name="com.lepiant.DYNAMIC_RECEIVER_NOT_EXPORTED_PERMISSION"
22-->[androidx.core:core:1.9.0] AndroidManifest.xml:23:9-81
23        android:protectionLevel="signature" />
23-->[androidx.core:core:1.9.0] AndroidManifest.xml:24:9-44
24
25    <uses-permission android:name="com.lepiant.DYNAMIC_RECEIVER_NOT_EXPORTED_PERMISSION" />
25-->[androidx.core:core:1.9.0] AndroidManifest.xml:26:5-97
25-->[androidx.core:core:1.9.0] AndroidManifest.xml:26:22-94
26
27    <queries>
27-->[androidx.test:runner:1.4.0] AndroidManifest.xml:24:5-28:15
28        <package android:name="androidx.test.orchestrator" />
28-->[androidx.test:runner:1.4.0] AndroidManifest.xml:25:9-62
28-->[androidx.test:runner:1.4.0] AndroidManifest.xml:25:18-59
29        <package android:name="androidx.test.services" />
29-->[androidx.test:runner:1.4.0] AndroidManifest.xml:26:9-58
29-->[androidx.test:runner:1.4.0] AndroidManifest.xml:26:18-55
30        <package android:name="com.google.android.apps.common.testing.services" />
30-->[androidx.test:runner:1.4.0] AndroidManifest.xml:27:9-83
30-->[androidx.test:runner:1.4.0] AndroidManifest.xml:27:18-80
31    </queries>
32
33    <application
33-->src/main/AndroidManifest.xml:7:5-26:19
34        android:name="com.lepiant.MainApplication"
34-->src/main/AndroidManifest.xml:8:7-38
35        android:allowBackup="false"
35-->src/main/AndroidManifest.xml:12:7-34
36        android:appComponentFactory="androidx.core.app.CoreComponentFactory"
36-->[androidx.core:core:1.9.0] AndroidManifest.xml:28:18-86
37        android:debuggable="true"
38        android:icon="@mipmap/ic_launcher"
38-->src/main/AndroidManifest.xml:10:7-41
39        android:label="@string/app_name"
39-->src/main/AndroidManifest.xml:9:7-39
40        android:roundIcon="@mipmap/ic_launcher_round"
40-->src/main/AndroidManifest.xml:11:7-52
41        android:theme="@style/AppTheme"
41-->src/main/AndroidManifest.xml:13:7-38
42        android:usesCleartextTraffic="true" >
42-->src/debug/AndroidManifest.xml:8:9-44
43        <activity
43-->src/debug/AndroidManifest.xml:11:9-111
44            android:name="com.facebook.react.devsupport.DevSettingsActivity"
44-->src/debug/AndroidManifest.xml:11:19-83
45            android:exported="false" />
45-->src/debug/AndroidManifest.xml:11:84-108
46        <activity
46-->src/main/AndroidManifest.xml:14:7-25:18
47            android:name="com.lepiant.MainActivity"
47-->src/main/AndroidManifest.xml:15:9-37
48            android:configChanges="keyboard|keyboardHidden|orientation|screenLayout|screenSize|smallestScreenSize|uiMode"
48-->src/main/AndroidManifest.xml:17:9-118
49            android:exported="true"
49-->src/main/AndroidManifest.xml:20:9-32
50            android:label="@string/app_name"
50-->src/main/AndroidManifest.xml:16:9-41
51            android:launchMode="singleTask"
51-->src/main/AndroidManifest.xml:18:9-40
52            android:windowSoftInputMode="adjustResize" >
52-->src/main/AndroidManifest.xml:19:9-51
53            <intent-filter>
53-->src/main/AndroidManifest.xml:21:9-24:25
54                <action android:name="android.intent.action.MAIN" />
54-->src/main/AndroidManifest.xml:22:13-65
54-->src/main/AndroidManifest.xml:22:21-62
55
56                <category android:name="android.intent.category.LAUNCHER" />
56-->src/main/AndroidManifest.xml:23:13-73
56-->src/main/AndroidManifest.xml:23:23-70
57            </intent-filter>
58        </activity>
59
60        <provider
60-->[:react-native-share] AndroidManifest.xml:8:9-16:20
61            android:name="cl.json.RNShareFileProvider"
61-->[:react-native-share] AndroidManifest.xml:9:13-55
62            android:authorities="com.lepiant.rnshare.fileprovider"
62-->[:react-native-share] AndroidManifest.xml:10:13-72
63            android:exported="false"
63-->[:react-native-share] AndroidManifest.xml:11:13-37
64            android:grantUriPermissions="true" >
64-->[:react-native-share] AndroidManifest.xml:12:13-47
65            <meta-data
65-->[:react-native-share] AndroidManifest.xml:13:13-15:64
66                android:name="android.support.FILE_PROVIDER_PATHS"
66-->[:react-native-share] AndroidManifest.xml:14:17-67
67                android:resource="@xml/share_download_paths" />
67-->[:react-native-share] AndroidManifest.xml:15:17-61
68        </provider> <!-- The main service, handles playback, playlists and media buttons -->
69        <service
69-->[:react-native-track-player] AndroidManifest.xml:14:9-22:19
70            android:name="com.doublesymmetry.trackplayer.service.MusicService"
70-->[:react-native-track-player] AndroidManifest.xml:15:13-79
71            android:enabled="true"
71-->[:react-native-track-player] AndroidManifest.xml:16:13-35
72            android:exported="true"
72-->[:react-native-track-player] AndroidManifest.xml:17:13-36
73            android:foregroundServiceType="mediaPlayback" >
73-->[:react-native-track-player] AndroidManifest.xml:18:13-58
74            <intent-filter>
74-->[:react-native-track-player] AndroidManifest.xml:19:13-21:29
75                <action android:name="android.intent.action.MEDIA_BUTTON" />
75-->[:react-native-track-player] AndroidManifest.xml:20:17-77
75-->[:react-native-track-player] AndroidManifest.xml:20:25-74
76            </intent-filter>
77        </service>
78
79        <provider
79-->[androidx.emoji2:emoji2:1.2.0] AndroidManifest.xml:24:9-32:20
80            android:name="androidx.startup.InitializationProvider"
80-->[androidx.emoji2:emoji2:1.2.0] AndroidManifest.xml:25:13-67
81            android:authorities="com.lepiant.androidx-startup"
81-->[androidx.emoji2:emoji2:1.2.0] AndroidManifest.xml:26:13-68
82            android:exported="false" >
82-->[androidx.emoji2:emoji2:1.2.0] AndroidManifest.xml:27:13-37
83            <meta-data
83-->[androidx.emoji2:emoji2:1.2.0] AndroidManifest.xml:29:13-31:52
84                android:name="androidx.emoji2.text.EmojiCompatInitializer"
84-->[androidx.emoji2:emoji2:1.2.0] AndroidManifest.xml:30:17-75
85                android:value="androidx.startup" />
85-->[androidx.emoji2:emoji2:1.2.0] AndroidManifest.xml:31:17-49
86            <meta-data
86-->[androidx.lifecycle:lifecycle-process:2.5.1] AndroidManifest.xml:31:13-33:52
87                android:name="androidx.lifecycle.ProcessLifecycleInitializer"
87-->[androidx.lifecycle:lifecycle-process:2.5.1] AndroidManifest.xml:32:17-78
88                android:value="androidx.startup" />
88-->[androidx.lifecycle:lifecycle-process:2.5.1] AndroidManifest.xml:33:17-49
89        </provider>
90
91        <meta-data
91-->[com.facebook.soloader:soloader:0.10.5] AndroidManifest.xml:12:9-14:37
92            android:name="com.facebook.soloader.enabled"
92-->[com.facebook.soloader:soloader:0.10.5] AndroidManifest.xml:13:13-57
93            android:value="false" />
93-->[com.facebook.soloader:soloader:0.10.5] AndroidManifest.xml:14:13-34
94    </application>
95
96</manifest>